[debug] [2022-09-30T10:09:03.214Z] ----------------------------------------------------------------------
[debug] [2022-09-30T10:09:03.216Z] Command:       C:\Program Files\nodejs\node.exe C:\Users\USER\AppData\Roaming\npm\node_modules\firebase-tools\lib\bin\firebase.js init
[debug] [2022-09-30T10:09:03.217Z] CLI Version:   10.6.0
[debug] [2022-09-30T10:09:03.217Z] Platform:      win32
[debug] [2022-09-30T10:09:03.217Z] Node Version:  v14.17.1
[debug] [2022-09-30T10:09:03.218Z] Time:          Fri Sep 30 2022 16:09:03 GMT+0600 (Bangladesh Standard Time)
[debug] [2022-09-30T10:09:03.218Z] ----------------------------------------------------------------------
[debug] 
[debug] [2022-09-30T10:09:03.221Z] >>> [apiv2][query] GET https://firebase-public.firebaseio.com/cli.json [none]
[debug] [2022-09-30T10:09:03.249Z] > command requires scopes: ["email","openid","https://www.googleapis.com/auth/cloudplatformprojects.readonly","https://www.googleapis.com/auth/firebase","https://www.googleapis.com/auth/cloud-platform"]
[debug] [2022-09-30T10:09:03.249Z] > authorizing via signed-in user (farman.arefin@gmail.com)
[info] 
     ######## #### ########  ######## ########     ###     ######  ########
     ##        ##  ##     ## ##       ##     ##  ##   ##  ##       ##
     ######    ##  ########  ######   ########  #########  ######  ######
     ##        ##  ##    ##  ##       ##     ## ##     ##       ## ##
     ##       #### ##     ## ######## ########  ##     ##  ######  ########

You're about to initialize a Firebase project in this directory:

  C:\Projects\bikeridez

Before we get started, keep in mind:

  * You are currently outside your home directory

[debug] [2022-09-30T10:09:04.357Z] <<< [apiv2][status] GET https://firebase-public.firebaseio.com/cli.json 200
[debug] [2022-09-30T10:09:04.358Z] <<< [apiv2][body] GET https://firebase-public.firebaseio.com/cli.json {"cloudBuildErrorAfter":1594252800000,"cloudBuildWarnAfter":1590019200000,"defaultNode10After":1594252800000,"minVersion":"3.0.5","node8DeploysDisabledAfter":1613390400000,"node8RuntimeDisabledAfter":1615809600000,"node8WarnAfter":1600128000000}
